<?xml version="1.0" encoding="UTF-8"?>
<persistence version="2.2" xmlns="http://xmlns.jcp.org/xml/ns/persistence" xmlns:xsi="http://www.w3.org/2001/XMLSchema-instance" xsi:schemaLocation="http://xmlns.jcp.org/xml/ns/persistence http://xmlns.jcp.org/xml/ns/persistence/persistence_2_2.xsd">
    <persistence-unit name="astecTestPU" transaction-type="RESOURCE_LOCAL">

        <provider>org.eclipse.persistence.jpa.PersistenceProvider</provider>

        <class>com.astec.model.Component</class>

        <properties>
            <!-- Configuration for local H2 Database for tests -->
            <property name="javax.persistence.jdbc.driver" value="org.h2.Driver"/>
            <property name="javax.persistence.jdbc.url" value="jdbc:h2:mem:test;DB_CLOSE_DELAY=-1"/>
            <property name="javax.persistence.jdbc.user" value="sa"/>
            <property name="javax.persistence.jdbc.password" value=""/>

            <!-- Drop and create tables for tests -->
            <property name="eclipselink.ddl-generation" value="drop-and-create-tables"/>
            <property name="eclipselink.ddl-generation.output-mode" value="database"/>

            <!-- Additional properties can be added here if needed -->

        </properties>
    </persistence-unit>
</persistence>
